<?xml version="1.0" encoding="UTF-8"?>
<testsuite xmlns:xsi="http://www.w3.org/2001/XMLSchema-instance" xsi:noNamespaceSchemaLocation="https://maven.apache.org/surefire/maven-surefire-plugin/xsd/surefire-test-report.xsd" version="3.0.2" name="TestSuite" time="16.899" tests="4" errors="0" skipped="0" failures="1">
  <properties>
    <property name="java.specification.version" value="21"/>
    <property name="webdriver.chrome.driver" value="/Users/sajanrajak/.cache/selenium/chromedriver/mac-arm64/138.0.7204.157/chromedriver"/>
    <property name="sun.jnu.encoding" value="UTF-8"/>
    <property name="java.class.path" value="/Users/sajanrajak/Documents/MyFrameWork/FrameworkDevelopmentProject/MyframeWork/target/test-classes:/Users/sajanrajak/Documents/MyFrameWork/FrameworkDevelopmentProject/MyframeWork/target/classes:/Users/sajanrajak/.m2/repository/io/github/bonigarcia/webdrivermanager/6.1.0/webdrivermanager-6.1.0.jar:/Users/sajanrajak/.m2/repository/org/slf4j/slf4j-api/2.0.17/slf4j-api-2.0.17.jar:/Users/sajanrajak/.m2/repository/com/google/code/gson/gson/2.13.0/gson-2.13.0.jar:/Users/sajanrajak/.m2/repository/com/google/errorprone/error_prone_annotations/2.37.0/error_prone_annotations-2.37.0.jar:/Users/sajanrajak/.m2/repository/com/github/docker-java/docker-java/3.5.0/docker-java-3.5.0.jar:/Users/sajanrajak/.m2/repository/com/github/docker-java/docker-java-core/3.5.0/docker-java-core-3.5.0.jar:/Users/sajanrajak/.m2/repository/com/github/docker-java/docker-java-api/3.5.0/docker-java-api-3.5.0.jar:/Users/sajanrajak/.m2/repository/com/fasterxml/jackson/core/jackson-annotations/2.18.3/jackson-annotations-2.18.3.jar:/Users/sajanrajak/.m2/repository/com/fasterxml/jackson/core/jackson-databind/2.18.3/jackson-databind-2.18.3.jar:/Users/sajanrajak/.m2/repository/com/fasterxml/jackson/core/jackson-core/2.18.3/jackson-core-2.18.3.jar:/Users/sajanrajak/.m2/repository/org/slf4j/jcl-over-slf4j/1.7.30/jcl-over-slf4j-1.7.30.jar:/Users/sajanrajak/.m2/repository/com/github/docker-java/docker-java-transport-httpclient5/3.5.0/docker-java-transport-httpclient5-3.5.0.jar:/Users/sajanrajak/.m2/repository/com/github/docker-java/docker-java-transport/3.5.0/docker-java-transport-3.5.0.jar:/Users/sajanrajak/.m2/repository/net/java/dev/jna/jna/5.17.0/jna-5.17.0.jar:/Users/sajanrajak/.m2/repository/org/brotli/dec/0.1.2/dec-0.1.2.jar:/Users/sajanrajak/.m2/repository/org/apache/commons/commons-lang3/3.17.0/commons-lang3-3.17.0.jar:/Users/sajanrajak/.m2/repository/org/apache/commons/commons-compress/1.27.1/commons-compress-1.27.1.jar:/Users/sajanrajak/.m2/repository/commons-codec/commons-codec/1.17.1/commons-codec-1.17.1.jar:/Users/sajanrajak/.m2/repository/org/apache/httpcomponents/client5/httpclient5/5.4.3/httpclient5-5.4.3.jar:/Users/sajanrajak/.m2/repository/org/apache/httpcomponents/core5/httpcore5/5.3.4/httpcore5-5.3.4.jar:/Users/sajanrajak/.m2/repository/org/apache/httpcomponents/core5/httpcore5-h2/5.3.4/httpcore5-h2-5.3.4.jar:/Users/sajanrajak/.m2/repository/net/java/dev/jna/jna-platform/5.13.0/jna-platform-5.13.0.jar:/Users/sajanrajak/.m2/repository/org/seleniumhq/selenium/selenium-java/4.34.0/selenium-java-4.34.0.jar:/Users/sajanrajak/.m2/repository/org/seleniumhq/selenium/selenium-api/4.34.0/selenium-api-4.34.0.jar:/Users/sajanrajak/.m2/repository/org/jspecify/jspecify/1.0.0/jspecify-1.0.0.jar:/Users/sajanrajak/.m2/repository/org/seleniumhq/selenium/selenium-chrome-driver/4.34.0/selenium-chrome-driver-4.34.0.jar:/Users/sajanrajak/.m2/repository/com/google/auto/service/auto-service-annotations/1.1.1/auto-service-annotations-1.1.1.jar:/Users/sajanrajak/.m2/repository/org/seleniumhq/selenium/selenium-chromium-driver/4.34.0/selenium-chromium-driver-4.34.0.jar:/Users/sajanrajak/.m2/repository/org/seleniumhq/selenium/selenium-json/4.34.0/selenium-json-4.34.0.jar:/Users/sajanrajak/.m2/repository/org/seleniumhq/selenium/selenium-manager/4.34.0/selenium-manager-4.34.0.jar:/Users/sajanrajak/.m2/repository/org/seleniumhq/selenium/selenium-devtools-v136/4.34.0/selenium-devtools-v136-4.34.0.jar:/Users/sajanrajak/.m2/repository/org/seleniumhq/selenium/selenium-devtools-v137/4.34.0/selenium-devtools-v137-4.34.0.jar:/Users/sajanrajak/.m2/repository/org/seleniumhq/selenium/selenium-devtools-v138/4.34.0/selenium-devtools-v138-4.34.0.jar:/Users/sajanrajak/.m2/repository/org/seleniumhq/selenium/selenium-edge-driver/4.34.0/selenium-edge-driver-4.34.0.jar:/Users/sajanrajak/.m2/repository/org/seleniumhq/selenium/selenium-firefox-driver/4.34.0/selenium-firefox-driver-4.34.0.jar:/Users/sajanrajak/.m2/repository/org/seleniumhq/selenium/selenium-http/4.34.0/selenium-http-4.34.0.jar:/Users/sajanrajak/.m2/repository/org/seleniumhq/selenium/selenium-ie-driver/4.34.0/selenium-ie-driver-4.34.0.jar:/Users/sajanrajak/.m2/repository/org/seleniumhq/selenium/selenium-remote-driver/4.34.0/selenium-remote-driver-4.34.0.jar:/Users/sajanrajak/.m2/repository/com/google/guava/guava/33.4.8-jre/guava-33.4.8-jre.jar:/Users/sajanrajak/.m2/repository/com/google/guava/failureaccess/1.0.3/failureaccess-1.0.3.jar:/Users/sajanrajak/.m2/repository/com/google/guava/listenablefuture/9999.0-empty-to-avoid-conflict-with-guava/listenablefuture-9999.0-empty-to-avoid-conflict-with-guava.jar:/Users/sajanrajak/.m2/repository/com/google/j2objc/j2objc-annotations/3.0.0/j2objc-annotations-3.0.0.jar:/Users/sajanrajak/.m2/repository/io/opentelemetry/opentelemetry-api/1.51.0/opentelemetry-api-1.51.0.jar:/Users/sajanrajak/.m2/repository/io/opentelemetry/opentelemetry-context/1.51.0/opentelemetry-context-1.51.0.jar:/Users/sajanrajak/.m2/repository/io/opentelemetry/opentelemetry-exporter-logging/1.51.0/opentelemetry-exporter-logging-1.51.0.jar:/Users/sajanrajak/.m2/repository/io/opentelemetry/opentelemetry-sdk-common/1.51.0/opentelemetry-sdk-common-1.51.0.jar:/Users/sajanrajak/.m2/repository/io/opentelemetry/opentelemetry-sdk-extension-autoconfigure-spi/1.51.0/opentelemetry-sdk-extension-autoconfigure-spi-1.51.0.jar:/Users/sajanrajak/.m2/repository/io/opentelemetry/opentelemetry-sdk-extension-autoconfigure/1.51.0/opentelemetry-sdk-extension-autoconfigure-1.51.0.jar:/Users/sajanrajak/.m2/repository/io/opentelemetry/opentelemetry-sdk-trace/1.51.0/opentelemetry-sdk-trace-1.51.0.jar:/Users/sajanrajak/.m2/repository/io/opentelemetry/opentelemetry-sdk/1.51.0/opentelemetry-sdk-1.51.0.jar:/Users/sajanrajak/.m2/repository/io/opentelemetry/opentelemetry-sdk-metrics/1.51.0/opentelemetry-sdk-metrics-1.51.0.jar:/Users/sajanrajak/.m2/repository/io/opentelemetry/opentelemetry-sdk-logs/1.51.0/opentelemetry-sdk-logs-1.51.0.jar:/Users/sajanrajak/.m2/repository/net/bytebuddy/byte-buddy/1.17.6/byte-buddy-1.17.6.jar:/Users/sajanrajak/.m2/repository/org/seleniumhq/selenium/selenium-os/4.34.0/selenium-os-4.34.0.jar:/Users/sajanrajak/.m2/repository/org/apache/commons/commons-exec/1.5.0/commons-exec-1.5.0.jar:/Users/sajanrajak/.m2/repository/org/seleniumhq/selenium/selenium-safari-driver/4.34.0/selenium-safari-driver-4.34.0.jar:/Users/sajanrajak/.m2/repository/org/seleniumhq/selenium/selenium-support/4.34.0/selenium-support-4.34.0.jar:/Users/sajanrajak/.m2/repository/org/testng/testng/7.11.0/testng-7.11.0.jar:/Users/sajanrajak/.m2/repository/org/jcommander/jcommander/1.83/jcommander-1.83.jar:/Users/sajanrajak/.m2/repository/org/webjars/jquery/3.7.1/jquery-3.7.1.jar:/Users/sajanrajak/.m2/repository/org/apache/logging/log4j/log4j-api/2.25.0/log4j-api-2.25.0.jar:/Users/sajanrajak/.m2/repository/org/apache/logging/log4j/log4j-core/2.25.0/log4j-core-2.25.0.jar:/Users/sajanrajak/.m2/repository/commons-io/commons-io/2.19.0/commons-io-2.19.0.jar:/Users/sajanrajak/.m2/repository/com/aventstack/extentreports/5.1.2/extentreports-5.1.2.jar:/Users/sajanrajak/.m2/repository/io/reactivex/rxjava3/rxjava/3.1.6/rxjava-3.1.6.jar:/Users/sajanrajak/.m2/repository/org/reactivestreams/reactive-streams/1.0.4/reactive-streams-1.0.4.jar:/Users/sajanrajak/.m2/repository/org/freemarker/freemarker/2.3.32/freemarker-2.3.32.jar:/Users/sajanrajak/.m2/repository/org/projectlombok/lombok/1.18.26/lombok-1.18.26.jar:"/>
    <property name="java.vm.vendor" value="Oracle Corporation"/>
    <property name="sun.arch.data.model" value="64"/>
    <property name="java.vendor.url" value="https://java.oracle.com/"/>
    <property name="user.timezone" value="Asia/Kolkata"/>
    <property name="os.name" value="Mac OS X"/>
    <property name="java.vm.specification.version" value="21"/>
    <property name="sun.java.launcher" value="SUN_STANDARD"/>
    <property name="user.country" value="IN"/>
    <property name="sun.boot.library.path" value="/Library/Java/JavaVirtualMachines/jdk-21.jdk/Contents/Home/lib"/>
    <property name="sun.java.command" value="/Users/sajanrajak/Documents/MyFrameWork/FrameworkDevelopmentProject/MyframeWork/target/surefire/surefirebooter-20250716143552261_3.jar /Users/sajanrajak/Documents/MyFrameWork/FrameworkDevelopmentProject/MyframeWork/target/surefire 2025-07-16T14-35-52_211-jvmRun1 surefire-20250716143552261_1tmp surefire_0-20250716143552261_2tmp"/>
    <property name="http.nonProxyHosts" value="local|*.local|169.254/16|*.169.254/16"/>
    <property name="jdk.debug" value="release"/>
    <property name="surefire.test.class.path" value="/Users/sajanrajak/Documents/MyFrameWork/FrameworkDevelopmentProject/MyframeWork/target/test-classes:/Users/sajanrajak/Documents/MyFrameWork/FrameworkDevelopmentProject/MyframeWork/target/classes:/Users/sajanrajak/.m2/repository/io/github/bonigarcia/webdrivermanager/6.1.0/webdrivermanager-6.1.0.jar:/Users/sajanrajak/.m2/repository/org/slf4j/slf4j-api/2.0.17/slf4j-api-2.0.17.jar:/Users/sajanrajak/.m2/repository/com/google/code/gson/gson/2.13.0/gson-2.13.0.jar:/Users/sajanrajak/.m2/repository/com/google/errorprone/error_prone_annotations/2.37.0/error_prone_annotations-2.37.0.jar:/Users/sajanrajak/.m2/repository/com/github/docker-java/docker-java/3.5.0/docker-java-3.5.0.jar:/Users/sajanrajak/.m2/repository/com/github/docker-java/docker-java-core/3.5.0/docker-java-core-3.5.0.jar:/Users/sajanrajak/.m2/repository/com/github/docker-java/docker-java-api/3.5.0/docker-java-api-3.5.0.jar:/Users/sajanrajak/.m2/repository/com/fasterxml/jackson/core/jackson-annotations/2.18.3/jackson-annotations-2.18.3.jar:/Users/sajanrajak/.m2/repository/com/fasterxml/jackson/core/jackson-databind/2.18.3/jackson-databind-2.18.3.jar:/Users/sajanrajak/.m2/repository/com/fasterxml/jackson/core/jackson-core/2.18.3/jackson-core-2.18.3.jar:/Users/sajanrajak/.m2/repository/org/slf4j/jcl-over-slf4j/1.7.30/jcl-over-slf4j-1.7.30.jar:/Users/sajanrajak/.m2/repository/com/github/docker-java/docker-java-transport-httpclient5/3.5.0/docker-java-transport-httpclient5-3.5.0.jar:/Users/sajanrajak/.m2/repository/com/github/docker-java/docker-java-transport/3.5.0/docker-java-transport-3.5.0.jar:/Users/sajanrajak/.m2/repository/net/java/dev/jna/jna/5.17.0/jna-5.17.0.jar:/Users/sajanrajak/.m2/repository/org/brotli/dec/0.1.2/dec-0.1.2.jar:/Users/sajanrajak/.m2/repository/org/apache/commons/commons-lang3/3.17.0/commons-lang3-3.17.0.jar:/Users/sajanrajak/.m2/repository/org/apache/commons/commons-compress/1.27.1/commons-compress-1.27.1.jar:/Users/sajanrajak/.m2/repository/commons-codec/commons-codec/1.17.1/commons-codec-1.17.1.jar:/Users/sajanrajak/.m2/repository/org/apache/httpcomponents/client5/httpclient5/5.4.3/httpclient5-5.4.3.jar:/Users/sajanrajak/.m2/repository/org/apache/httpcomponents/core5/httpcore5/5.3.4/httpcore5-5.3.4.jar:/Users/sajanrajak/.m2/repository/org/apache/httpcomponents/core5/httpcore5-h2/5.3.4/httpcore5-h2-5.3.4.jar:/Users/sajanrajak/.m2/repository/net/java/dev/jna/jna-platform/5.13.0/jna-platform-5.13.0.jar:/Users/sajanrajak/.m2/repository/org/seleniumhq/selenium/selenium-java/4.34.0/selenium-java-4.34.0.jar:/Users/sajanrajak/.m2/repository/org/seleniumhq/selenium/selenium-api/4.34.0/selenium-api-4.34.0.jar:/Users/sajanrajak/.m2/repository/org/jspecify/jspecify/1.0.0/jspecify-1.0.0.jar:/Users/sajanrajak/.m2/repository/org/seleniumhq/selenium/selenium-chrome-driver/4.34.0/selenium-chrome-driver-4.34.0.jar:/Users/sajanrajak/.m2/repository/com/google/auto/service/auto-service-annotations/1.1.1/auto-service-annotations-1.1.1.jar:/Users/sajanrajak/.m2/repository/org/seleniumhq/selenium/selenium-chromium-driver/4.34.0/selenium-chromium-driver-4.34.0.jar:/Users/sajanrajak/.m2/repository/org/seleniumhq/selenium/selenium-json/4.34.0/selenium-json-4.34.0.jar:/Users/sajanrajak/.m2/repository/org/seleniumhq/selenium/selenium-manager/4.34.0/selenium-manager-4.34.0.jar:/Users/sajanrajak/.m2/repository/org/seleniumhq/selenium/selenium-devtools-v136/4.34.0/selenium-devtools-v136-4.34.0.jar:/Users/sajanrajak/.m2/repository/org/seleniumhq/selenium/selenium-devtools-v137/4.34.0/selenium-devtools-v137-4.34.0.jar:/Users/sajanrajak/.m2/repository/org/seleniumhq/selenium/selenium-devtools-v138/4.34.0/selenium-devtools-v138-4.34.0.jar:/Users/sajanrajak/.m2/repository/org/seleniumhq/selenium/selenium-edge-driver/4.34.0/selenium-edge-driver-4.34.0.jar:/Users/sajanrajak/.m2/repository/org/seleniumhq/selenium/selenium-firefox-driver/4.34.0/selenium-firefox-driver-4.34.0.jar:/Users/sajanrajak/.m2/repository/org/seleniumhq/selenium/selenium-http/4.34.0/selenium-http-4.34.0.jar:/Users/sajanrajak/.m2/repository/org/seleniumhq/selenium/selenium-ie-driver/4.34.0/selenium-ie-driver-4.34.0.jar:/Users/sajanrajak/.m2/repository/org/seleniumhq/selenium/selenium-remote-driver/4.34.0/selenium-remote-driver-4.34.0.jar:/Users/sajanrajak/.m2/repository/com/google/guava/guava/33.4.8-jre/guava-33.4.8-jre.jar:/Users/sajanrajak/.m2/repository/com/google/guava/failureaccess/1.0.3/failureaccess-1.0.3.jar:/Users/sajanrajak/.m2/repository/com/google/guava/listenablefuture/9999.0-empty-to-avoid-conflict-with-guava/listenablefuture-9999.0-empty-to-avoid-conflict-with-guava.jar:/Users/sajanrajak/.m2/repository/com/google/j2objc/j2objc-annotations/3.0.0/j2objc-annotations-3.0.0.jar:/Users/sajanrajak/.m2/repository/io/opentelemetry/opentelemetry-api/1.51.0/opentelemetry-api-1.51.0.jar:/Users/sajanrajak/.m2/repository/io/opentelemetry/opentelemetry-context/1.51.0/opentelemetry-context-1.51.0.jar:/Users/sajanrajak/.m2/repository/io/opentelemetry/opentelemetry-exporter-logging/1.51.0/opentelemetry-exporter-logging-1.51.0.jar:/Users/sajanrajak/.m2/repository/io/opentelemetry/opentelemetry-sdk-common/1.51.0/opentelemetry-sdk-common-1.51.0.jar:/Users/sajanrajak/.m2/repository/io/opentelemetry/opentelemetry-sdk-extension-autoconfigure-spi/1.51.0/opentelemetry-sdk-extension-autoconfigure-spi-1.51.0.jar:/Users/sajanrajak/.m2/repository/io/opentelemetry/opentelemetry-sdk-extension-autoconfigure/1.51.0/opentelemetry-sdk-extension-autoconfigure-1.51.0.jar:/Users/sajanrajak/.m2/repository/io/opentelemetry/opentelemetry-sdk-trace/1.51.0/opentelemetry-sdk-trace-1.51.0.jar:/Users/sajanrajak/.m2/repository/io/opentelemetry/opentelemetry-sdk/1.51.0/opentelemetry-sdk-1.51.0.jar:/Users/sajanrajak/.m2/repository/io/opentelemetry/opentelemetry-sdk-metrics/1.51.0/opentelemetry-sdk-metrics-1.51.0.jar:/Users/sajanrajak/.m2/repository/io/opentelemetry/opentelemetry-sdk-logs/1.51.0/opentelemetry-sdk-logs-1.51.0.jar:/Users/sajanrajak/.m2/repository/net/bytebuddy/byte-buddy/1.17.6/byte-buddy-1.17.6.jar:/Users/sajanrajak/.m2/repository/org/seleniumhq/selenium/selenium-os/4.34.0/selenium-os-4.34.0.jar:/Users/sajanrajak/.m2/repository/org/apache/commons/commons-exec/1.5.0/commons-exec-1.5.0.jar:/Users/sajanrajak/.m2/repository/org/seleniumhq/selenium/selenium-safari-driver/4.34.0/selenium-safari-driver-4.34.0.jar:/Users/sajanrajak/.m2/repository/org/seleniumhq/selenium/selenium-support/4.34.0/selenium-support-4.34.0.jar:/Users/sajanrajak/.m2/repository/org/testng/testng/7.11.0/testng-7.11.0.jar:/Users/sajanrajak/.m2/repository/org/jcommander/jcommander/1.83/jcommander-1.83.jar:/Users/sajanrajak/.m2/repository/org/webjars/jquery/3.7.1/jquery-3.7.1.jar:/Users/sajanrajak/.m2/repository/org/apache/logging/log4j/log4j-api/2.25.0/log4j-api-2.25.0.jar:/Users/sajanrajak/.m2/repository/org/apache/logging/log4j/log4j-core/2.25.0/log4j-core-2.25.0.jar:/Users/sajanrajak/.m2/repository/commons-io/commons-io/2.19.0/commons-io-2.19.0.jar:/Users/sajanrajak/.m2/repository/com/aventstack/extentreports/5.1.2/extentreports-5.1.2.jar:/Users/sajanrajak/.m2/repository/io/reactivex/rxjava3/rxjava/3.1.6/rxjava-3.1.6.jar:/Users/sajanrajak/.m2/repository/org/reactivestreams/reactive-streams/1.0.4/reactive-streams-1.0.4.jar:/Users/sajanrajak/.m2/repository/org/freemarker/freemarker/2.3.32/freemarker-2.3.32.jar:/Users/sajanrajak/.m2/repository/org/projectlombok/lombok/1.18.26/lombok-1.18.26.jar:"/>
    <property name="sun.cpu.endian" value="little"/>
    <property name="user.home" value="/Users/sajanrajak"/>
    <property name="user.language" value="en"/>
    <property name="java.specification.vendor" value="Oracle Corporation"/>
    <property name="java.version.date" value="2024-10-15"/>
    <property name="java.home" value="/Library/Java/JavaVirtualMachines/jdk-21.jdk/Contents/Home"/>
    <property name="file.separator" value="/"/>
    <property name="basedir" value="/Users/sajanrajak/Documents/MyFrameWork/FrameworkDevelopmentProject/MyframeWork"/>
    <property name="style.color" value="always"/>
    <property name="java.vm.compressedOopsMode" value="Zero based"/>
    <property name="line.separator" value="&#10;"/>
    <property name="java.vm.specification.vendor" value="Oracle Corporation"/>
    <property name="java.specification.name" value="Java Platform API Specification"/>
    <property name="apple.awt.application.name" value="ForkedBooter"/>
    <property name="surefire.real.class.path" value="/Users/sajanrajak/Documents/MyFrameWork/FrameworkDevelopmentProject/MyframeWork/target/surefire/surefirebooter-20250716143552261_3.jar"/>
    <property name="sun.management.compiler" value="HotSpot 64-Bit Tiered Compilers"/>
    <property name="ftp.nonProxyHosts" value="local|*.local|169.254/16|*.169.254/16"/>
    <property name="java.runtime.version" value="21.0.5+9-LTS-239"/>
    <property name="user.name" value="sajanrajak"/>
    <property name="stdout.encoding" value="UTF-8"/>
    <property name="path.separator" value=":"/>
    <property name="os.version" value="15.5"/>
    <property name="java.runtime.name" value="Java(TM) SE Runtime Environment"/>
    <property name="file.encoding" value="UTF-8"/>
    <property name="java.vm.name" value="Java HotSpot(TM) 64-Bit Server VM"/>
    <property name="localRepository" value="/Users/sajanrajak/.m2/repository"/>
    <property name="java.vendor.url.bug" value="https://bugreport.java.com/bugreport/"/>
    <property name="java.io.tmpdir" value="/var/folders/nz/3hkf5dg938z65jj8qbd5vdgr0000gn/T/"/>
    <property name="java.version" value="21.0.5"/>
    <property name="user.dir" value="/Users/sajanrajak/Documents/MyFrameWork/FrameworkDevelopmentProject/MyframeWork"/>
    <property name="os.arch" value="aarch64"/>
    <property name="java.vm.specification.name" value="Java Virtual Machine Specification"/>
    <property name="native.encoding" value="UTF-8"/>
    <property name="java.library.path" value="/Users/sajanrajak/Library/Java/Extensions:/Library/Java/Extensions:/Network/Library/Java/Extensions:/System/Library/Java/Extensions:/usr/lib/java:."/>
    <property name="java.vm.info" value="mixed mode, sharing"/>
    <property name="stderr.encoding" value="UTF-8"/>
    <property name="java.vendor" value="Oracle Corporation"/>
    <property name="java.vm.version" value="21.0.5+9-LTS-239"/>
    <property name="sun.io.unicode.encoding" value="UnicodeBig"/>
    <property name="socksNonProxyHosts" value="local|*.local|169.254/16|*.169.254/16"/>
    <property name="java.class.version" value="65.0"/>
  </properties>
  <testcase name="fourTest" classname="tests.TestFour" time="0.003">
    <system-out><![CDATA[Test Four
]]></system-out>
    <system-err><![CDATA[SLF4J(W): No SLF4J providers were found.
SLF4J(W): Defaulting to no-operation (NOP) logger implementation
SLF4J(W): See https://www.slf4j.org/codes.html#noProviders for further details.
]]></system-err>
  </testcase>
  <testcase name="Register[Akash, Kumar, akash123@gmail.com, 8987656545, Akash123, Akash123](1)" classname="tests.RegisterTest" time="6.43">
    <failure message="expected:&lt;Register Account&gt; but was:&lt;Your Account Has Been Created!&gt;" type="java.lang.AssertionError"><![CDATA[java.lang.AssertionError: expected:<Register Account> but was:<Your Account Has Been Created!>
	at org.testng.AssertJUnit.assertEquals(AssertJUnit.java:115)
	at org.testng.AssertJUnit.assertEquals(AssertJUnit.java:125)
	at tests.RegisterTest.Register(RegisterTest.java:70)
	at java.base/jdk.internal.reflect.DirectMethodHandleAccessor.invoke(DirectMethodHandleAccessor.java:103)
	at java.base/java.lang.reflect.Method.invoke(Method.java:580)
	at org.testng.internal.invokers.MethodInvocationHelper.invokeMethod(MethodInvocationHelper.java:141)
	at org.testng.internal.invokers.TestInvoker.invokeMethod(TestInvoker.java:687)
	at org.testng.internal.invokers.TestInvoker.invokeTestMethod(TestInvoker.java:230)
	at org.testng.internal.invokers.MethodRunner.runInSequence(MethodRunner.java:63)
	at org.testng.internal.invokers.TestInvoker$MethodInvocationAgent.invoke(TestInvoker.java:995)
	at org.testng.internal.invokers.TestInvoker.invokeTestMethods(TestInvoker.java:203)
	at org.testng.internal.invokers.TestMethodWorker.invokeTestMethods(TestMethodWorker.java:154)
	at org.testng.internal.invokers.TestMethodWorker.run(TestMethodWorker.java:134)
	at java.base/java.util.ArrayList.forEach(ArrayList.java:1596)
	at org.testng.TestRunner.privateRun(TestRunner.java:741)
	at org.testng.TestRunner.run(TestRunner.java:616)
	at org.testng.SuiteRunner.runTest(SuiteRunner.java:421)
	at org.testng.SuiteRunner.runSequentially(SuiteRunner.java:413)
	at org.testng.SuiteRunner.privateRun(SuiteRunner.java:373)
	at org.testng.SuiteRunner.run(SuiteRunner.java:312)
	at org.testng.SuiteRunnerWorker.runSuite(SuiteRunnerWorker.java:52)
	at org.testng.SuiteRunnerWorker.run(SuiteRunnerWorker.java:95)
	at org.testng.TestNG.runSuitesSequentially(TestNG.java:1274)
	at org.testng.TestNG.runSuitesLocally(TestNG.java:1208)
	at org.testng.TestNG.runSuites(TestNG.java:1112)
	at org.testng.TestNG.run(TestNG.java:1079)
	at org.apache.maven.surefire.testng.TestNGExecutor.run(TestNGExecutor.java:308)
	at org.apache.maven.surefire.testng.TestNGXmlTestSuite.execute(TestNGXmlTestSuite.java:71)
	at org.apache.maven.surefire.testng.TestNGProvider.invoke(TestNGProvider.java:113)
	at org.apache.maven.surefire.booter.ForkedBooter.runSuitesInProcess(ForkedBooter.java:385)
	at org.apache.maven.surefire.booter.ForkedBooter.execute(ForkedBooter.java:162)
	at org.apache.maven.surefire.booter.ForkedBooter.run(ForkedBooter.java:507)
	at org.apache.maven.surefire.booter.ForkedBooter.main(ForkedBooter.java:495)
]]></failure>
    <system-out><![CDATA[No alert populated
]]></system-out>
  </testcase>
  <testcase name="Login[luv2@gmail.com, Luv001](1)" classname="tests.LoginTest" time="4.023"/>
  <testcase name="threeTest" classname="tests.TestThree" time="0.002">
    <system-out><![CDATA[Test Three
]]></system-out>
  </testcase>
</testsuite>