<?xml version="1.0" encoding="UTF-8"?>
<!-- Generated by org.testng.reporters.JUnitReportReporter -->
<testsuite hostname="Sajans-MacBook-Air.local" failures="0" tests="1" name="tests.TestThree" time="8.819" errors="0" timestamp="2025-07-17T13:36:34 IST" skipped="0">
  <testcase classname="tests.TestThree" name="threeTest" time="8.819"/>
  <system-out/>
</testsuite> <!-- tests.TestThree -->
