<?xml version="1.0" encoding="UTF-8"?>
<!-- Generated by org.testng.reporters.JUnitReportReporter -->
<testsuite hostname="Sajans-MacBook-Air.local" failures="0" tests="1" name="tests.Loginpage" time="2.540" errors="0" timestamp="2025-07-08T12:34:18 IST" skipped="0">
  <testcase classname="tests.Loginpage" name="login" time="2.540"/>
</testsuite> <!-- tests.Loginpage -->
