<?xml version="1.0" encoding="UTF-8"?>
<!-- Generated by org.testng.reporters.JUnitReportReporter -->
<testsuite hostname="Sajans-MacBook-Air.local" failures="0" tests="1" name="tests.LoginTest" time="6.072" errors="0" timestamp="2025-07-16T14:36:09 IST" skipped="0">
  <testcase classname="tests.LoginTest" name="Login" time="6.072"/>
</testsuite> <!-- tests.LoginTest -->
