<?xml version="1.0" encoding="UTF-8"?>
<!-- Generated by org.testng.reporters.JUnitReportReporter -->
<testsuite hostname="Sajans-MacBook-Air.local" failures="0" tests="1" name="tests.TestFour" time="0.003" errors="0" timestamp="2025-07-16T14:36:09 IST" skipped="0">
  <testcase classname="tests.TestFour" name="fourTest" time="0.003"/>
</testsuite> <!-- tests.TestFour -->
